Error (insertBird.py): /usr/bin/python3: can't open file '/home/blake/git/bird_watch/./insertBird.py': [Errno 2] No such file or directory

Error (insertBird.py): /usr/bin/python3: can't open file '/home/blake/git/bird_watch/./insertBird.py': [Errno 2] No such file or directory

Error (insertBird.py): /usr/bin/python3: can't open file '/home/blake/git/bird_watch/./insertBird.py': [Errno 2] No such file or directory

Error (insertBird.py): /usr/bin/python3: can't open file '/home/blake/git/bird_watch/./insertBird.py': [Errno 2] No such file or directory

Error (insertBird.py): /usr/bin/python3: can't open file '/home/blake/git/bird_watch/./insertBird.py': [Errno 2] No such file or directory

Error (insertBird.py): /usr/bin/python3: can't open file '/home/blake/git/bird_watch/insertBird.py': [Errno 2] No such file or directory

Error (insertBird.py): /usr/bin/python3: can't open file '/home/blake/git/bird_watch/insertBird.py': [Errno 2] No such file or directory

Error (insertBird.py): /usr/bin/python3: can't open file '/home/blake/git/bird_watch/insertBird.py': [Errno 2] No such file or directory

Error (insertBird.py): /usr/bin/python3: can't open file '/home/blake/git/bird_watch/insertBird.py': [Errno 2] No such file or directory

Error (insertBird.py): /usr/bin/python3: can't open file '/home/blake/git/bird_watch/insertBird.py': [Errno 2] No such file or directory

./output/2025-04-25_13_20_38.BirdNET.selection.table.txt read
Data insertion from file ./output/2025-04-25_13_20_38.BirdNET.selection.table.txt complete.
./output/2025-04-25_12_58_21.BirdNET.selection.table.txt read
Data insertion from file ./output/2025-04-25_12_58_21.BirdNET.selection.table.txt complete.
./output/2025-04-25_13_15_01.BirdNET.selection.table.txt read
Data insertion from file ./output/2025-04-25_13_15_01.BirdNET.selection.table.txt complete.
./output/2025-04-25_13_19_09.BirdNET.selection.table.txt read
Data insertion from file ./output/2025-04-25_13_19_09.BirdNET.selection.table.txt complete.
./output/2025-04-25_13_12_40.BirdNET.selection.table.txt read
Data insertion from file ./output/2025-04-25_13_12_40.BirdNET.selection.table.txt complete.
./output/2025-04-25_13_24_03.BirdNET.selection.table.txt read
Data insertion from file ./output/2025-04-25_13_24_03.BirdNET.selection.table.txt complete.
./output/2025-04-25_13_16_04.BirdNET.selection.table.txt read
Data insertion from file ./output/2025-04-25_13_16_04.BirdNET.selection.table.txt complete.
./output/2025-04-25_13_08_08.BirdNET.selection.table.txt read
Data insertion from file ./output/2025-04-25_13_08_08.BirdNET.selection.table.txt complete.
./output/2025-04-25_13_02_33.BirdNET.selection.table.txt read
Data insertion from file ./output/2025-04-25_13_02_33.BirdNET.selection.table.txt complete.
./output/2025-04-25_13_07_25.BirdNET.selection.table.txt read
Data insertion from file ./output/2025-04-25_13_07_25.BirdNET.selection.table.txt complete.
./output/2025-04-25_13_26_14.BirdNET.selection.table.txt read
Data insertion from file ./output/2025-04-25_13_26_14.BirdNET.selection.table.txt complete.
./output/2025-04-25_13_25_46.BirdNET.selection.table.txt read
Data insertion from file ./output/2025-04-25_13_25_46.BirdNET.selection.table.txt complete.
./output/2025-04-25_13_11_39.BirdNET.selection.table.txt read
Data insertion from file ./output/2025-04-25_13_11_39.BirdNET.selection.table.txt complete.
./output/2025-04-25_13_15_51.BirdNET.selection.table.txt read
Data insertion from file ./output/2025-04-25_13_15_51.BirdNET.selection.table.txt complete.
./output/2025-04-25_13_28_31.BirdNET.selection.table.txt read
Data insertion from file ./output/2025-04-25_13_28_31.BirdNET.selection.table.txt complete.
./output/2025-04-25_13_17_36.BirdNET.selection.table.txt read
Data insertion from file ./output/2025-04-25_13_17_36.BirdNET.selection.table.txt complete.
./output/2025-04-25_13_20_24.BirdNET.selection.table.txt read
Data insertion from file ./output/2025-04-25_13_20_24.BirdNET.selection.table.txt complete.
./output/2025-04-25_13_27_01.BirdNET.selection.table.txt read
Data insertion from file ./output/2025-04-25_13_27_01.BirdNET.selection.table.txt complete.
./output/2025-04-25_13_03_46.BirdNET.selection.table.txt read
Data insertion from file ./output/2025-04-25_13_03_46.BirdNET.selection.table.txt complete.
./output/2025-04-25_13_09_36.BirdNET.selection.table.txt read
Data insertion from file ./output/2025-04-25_13_09_36.BirdNET.selection.table.txt complete.
./output/2025-04-25_13_06_49.BirdNET.selection.table.txt read
Data insertion from file ./output/2025-04-25_13_06_49.BirdNET.selection.table.txt complete.
./output/2025-04-25_13_20_52.BirdNET.selection.table.txt read
Data insertion from file ./output/2025-04-25_13_20_52.BirdNET.selection.table.txt complete.
./output/2025-04-25_13_19_51.BirdNET.selection.table.txt read
Data insertion from file ./output/2025-04-25_13_19_51.BirdNET.selection.table.txt complete.
./output/2025-04-25_13_17_18.BirdNET.selection.table.txt read
Data insertion from file ./output/2025-04-25_13_17_18.BirdNET.selection.table.txt complete.
./output/2025-04-25_13_23_49.BirdNET.selection.table.txt read
Data insertion from file ./output/2025-04-25_13_23_49.BirdNET.selection.table.txt complete.
./output/2025-04-25_13_13_04.BirdNET.selection.table.txt read
Data insertion from file ./output/2025-04-25_13_13_04.BirdNET.selection.table.txt complete.
./output/2025-04-25_13_02_15.BirdNET.selection.table.txt read
Data insertion from file ./output/2025-04-25_13_02_15.BirdNET.selection.table.txt complete.
./output/2025-04-25_13_15_23.BirdNET.selection.table.txt read
Data insertion from file ./output/2025-04-25_13_15_23.BirdNET.selection.table.txt complete.
All data insertion processes completed.
./output/2025-04-25_13_20_38.BirdNET.selection.table.txt read
Data insertion from file ./output/2025-04-25_13_20_38.BirdNET.selection.table.txt complete.
./output/2025-04-25_12_58_21.BirdNET.selection.table.txt read
Data insertion from file ./output/2025-04-25_12_58_21.BirdNET.selection.table.txt complete.
./output/2025-04-25_13_15_01.BirdNET.selection.table.txt read
Data insertion from file ./output/2025-04-25_13_15_01.BirdNET.selection.table.txt complete.
./output/2025-04-25_13_19_09.BirdNET.selection.table.txt read
Data insertion from file ./output/2025-04-25_13_19_09.BirdNET.selection.table.txt complete.
./output/2025-04-25_13_12_40.BirdNET.selection.table.txt read
Data insertion from file ./output/2025-04-25_13_12_40.BirdNET.selection.table.txt complete.
./output/2025-04-25_13_24_03.BirdNET.selection.table.txt read
Data insertion from file ./output/2025-04-25_13_24_03.BirdNET.selection.table.txt complete.
./output/2025-04-25_13_16_04.BirdNET.selection.table.txt read
Data insertion from file ./output/2025-04-25_13_16_04.BirdNET.selection.table.txt complete.
./output/2025-04-25_13_08_08.BirdNET.selection.table.txt read
Data insertion from file ./output/2025-04-25_13_08_08.BirdNET.selection.table.txt complete.
./output/2025-04-25_13_02_33.BirdNET.selection.table.txt read
Data insertion from file ./output/2025-04-25_13_02_33.BirdNET.selection.table.txt complete.
./output/2025-04-25_13_07_25.BirdNET.selection.table.txt read
Data insertion from file ./output/2025-04-25_13_07_25.BirdNET.selection.table.txt complete.
./output/2025-04-25_13_26_14.BirdNET.selection.table.txt read
Data insertion from file ./output/2025-04-25_13_26_14.BirdNET.selection.table.txt complete.
./output/2025-04-25_13_25_46.BirdNET.selection.table.txt read
Data insertion from file ./output/2025-04-25_13_25_46.BirdNET.selection.table.txt complete.
./output/2025-04-25_13_11_39.BirdNET.selection.table.txt read
Data insertion from file ./output/2025-04-25_13_11_39.BirdNET.selection.table.txt complete.
./output/2025-04-25_13_15_51.BirdNET.selection.table.txt read
Data insertion from file ./output/2025-04-25_13_15_51.BirdNET.selection.table.txt complete.
./output/2025-04-25_13_28_31.BirdNET.selection.table.txt read
Data insertion from file ./output/2025-04-25_13_28_31.BirdNET.selection.table.txt complete.
./output/2025-04-25_13_17_36.BirdNET.selection.table.txt read
Data insertion from file ./output/2025-04-25_13_17_36.BirdNET.selection.table.txt complete.
./output/2025-04-25_13_20_24.BirdNET.selection.table.txt read
Data insertion from file ./output/2025-04-25_13_20_24.BirdNET.selection.table.txt complete.
./output/2025-04-25_13_27_01.BirdNET.selection.table.txt read
Data insertion from file ./output/2025-04-25_13_27_01.BirdNET.selection.table.txt complete.
./output/2025-04-25_13_03_46.BirdNET.selection.table.txt read
Data insertion from file ./output/2025-04-25_13_03_46.BirdNET.selection.table.txt complete.
./output/2025-04-25_13_09_36.BirdNET.selection.table.txt read
Data insertion from file ./output/2025-04-25_13_09_36.BirdNET.selection.table.txt complete.
./output/2025-04-25_13_06_49.BirdNET.selection.table.txt read
Data insertion from file ./output/2025-04-25_13_06_49.BirdNET.selection.table.txt complete.
./output/2025-04-25_13_20_52.BirdNET.selection.table.txt read
Data insertion from file ./output/2025-04-25_13_20_52.BirdNET.selection.table.txt complete.
./output/2025-04-25_13_19_51.BirdNET.selection.table.txt read
Data insertion from file ./output/2025-04-25_13_19_51.BirdNET.selection.table.txt complete.
./output/2025-04-25_13_17_18.BirdNET.selection.table.txt read
Data insertion from file ./output/2025-04-25_13_17_18.BirdNET.selection.table.txt complete.
./output/2025-04-25_13_23_49.BirdNET.selection.table.txt read
Data insertion from file ./output/2025-04-25_13_23_49.BirdNET.selection.table.txt complete.
./output/2025-04-25_13_13_04.BirdNET.selection.table.txt read
Data insertion from file ./output/2025-04-25_13_13_04.BirdNET.selection.table.txt complete.
./output/2025-04-25_13_02_15.BirdNET.selection.table.txt read
Data insertion from file ./output/2025-04-25_13_02_15.BirdNET.selection.table.txt complete.
./output/2025-04-25_13_15_23.BirdNET.selection.table.txt read
Data insertion from file ./output/2025-04-25_13_15_23.BirdNET.selection.table.txt complete.
All data insertion processes completed.
All data insertion processes completed.
All data insertion processes completed.
All data insertion processes completed.
./output/2025-04-25_13_20_38.BirdNET.selection.table.txt read
Data insertion from file ./output/2025-04-25_13_20_38.BirdNET.selection.table.txt complete.
./output/2025-04-25_12_58_21.BirdNET.selection.table.txt read
Data insertion from file ./output/2025-04-25_12_58_21.BirdNET.selection.table.txt complete.
./output/2025-04-25_13_15_01.BirdNET.selection.table.txt read
Data insertion from file ./output/2025-04-25_13_15_01.BirdNET.selection.table.txt complete.
./output/2025-04-25_13_19_09.BirdNET.selection.table.txt read
Data insertion from file ./output/2025-04-25_13_19_09.BirdNET.selection.table.txt complete.
./output/2025-04-25_13_12_40.BirdNET.selection.table.txt read
Data insertion from file ./output/2025-04-25_13_12_40.BirdNET.selection.table.txt complete.
./output/2025-04-25_13_24_03.BirdNET.selection.table.txt read
Data insertion from file ./output/2025-04-25_13_24_03.BirdNET.selection.table.txt complete.
./output/2025-04-25_13_16_04.BirdNET.selection.table.txt read
Data insertion from file ./output/2025-04-25_13_16_04.BirdNET.selection.table.txt complete.
./output/2025-04-25_13_08_08.BirdNET.selection.table.txt read
Data insertion from file ./output/2025-04-25_13_08_08.BirdNET.selection.table.txt complete.
./output/2025-04-25_13_02_33.BirdNET.selection.table.txt read
Data insertion from file ./output/2025-04-25_13_02_33.BirdNET.selection.table.txt complete.
./output/2025-04-25_13_07_25.BirdNET.selection.table.txt read
Data insertion from file ./output/2025-04-25_13_07_25.BirdNET.selection.table.txt complete.
./output/2025-04-25_13_26_14.BirdNET.selection.table.txt read
Data insertion from file ./output/2025-04-25_13_26_14.BirdNET.selection.table.txt complete.
./output/2025-04-25_13_25_46.BirdNET.selection.table.txt read
Data insertion from file ./output/2025-04-25_13_25_46.BirdNET.selection.table.txt complete.
./output/2025-04-25_13_11_39.BirdNET.selection.table.txt read
Data insertion from file ./output/2025-04-25_13_11_39.BirdNET.selection.table.txt complete.
./output/2025-04-25_13_15_51.BirdNET.selection.table.txt read
Data insertion from file ./output/2025-04-25_13_15_51.BirdNET.selection.table.txt complete.
./output/2025-04-25_13_28_31.BirdNET.selection.table.txt read
Data insertion from file ./output/2025-04-25_13_28_31.BirdNET.selection.table.txt complete.
./output/2025-04-25_13_17_36.BirdNET.selection.table.txt read
Data insertion from file ./output/2025-04-25_13_17_36.BirdNET.selection.table.txt complete.
./output/2025-04-25_13_20_24.BirdNET.selection.table.txt read
Data insertion from file ./output/2025-04-25_13_20_24.BirdNET.selection.table.txt complete.
./output/2025-04-25_13_27_01.BirdNET.selection.table.txt read
Data insertion from file ./output/2025-04-25_13_27_01.BirdNET.selection.table.txt complete.
./output/2025-04-25_13_03_46.BirdNET.selection.table.txt read
Data insertion from file ./output/2025-04-25_13_03_46.BirdNET.selection.table.txt complete.
./output/2025-04-25_13_09_36.BirdNET.selection.table.txt read
Data insertion from file ./output/2025-04-25_13_09_36.BirdNET.selection.table.txt complete.
./output/2025-04-25_13_06_49.BirdNET.selection.table.txt read
Data insertion from file ./output/2025-04-25_13_06_49.BirdNET.selection.table.txt complete.
./output/2025-04-25_13_20_52.BirdNET.selection.table.txt read
Data insertion from file ./output/2025-04-25_13_20_52.BirdNET.selection.table.txt complete.
./output/2025-04-25_13_19_51.BirdNET.selection.table.txt read
Data insertion from file ./output/2025-04-25_13_19_51.BirdNET.selection.table.txt complete.
./output/2025-04-25_13_17_18.BirdNET.selection.table.txt read
Data insertion from file ./output/2025-04-25_13_17_18.BirdNET.selection.table.txt complete.
./output/2025-04-25_13_23_49.BirdNET.selection.table.txt read
Data insertion from file ./output/2025-04-25_13_23_49.BirdNET.selection.table.txt complete.
./output/2025-04-25_13_13_04.BirdNET.selection.table.txt read
Data insertion from file ./output/2025-04-25_13_13_04.BirdNET.selection.table.txt complete.
./output/2025-04-25_13_02_15.BirdNET.selection.table.txt read
Data insertion from file ./output/2025-04-25_13_02_15.BirdNET.selection.table.txt complete.
./output/2025-04-25_13_15_23.BirdNET.selection.table.txt read
Data insertion from file ./output/2025-04-25_13_15_23.BirdNET.selection.table.txt complete.
All data insertion processes completed.
